0 info it worked if it ends with ok
1 verbose cli [ '/Users/vuonglinh/.nvm/versions/node/v6.7.0/bin/node',
1 verbose cli   '/Users/vuonglinh/.nvm/versions/node/v6.7.0/bin/npm',
1 verbose cli   'run',
1 verbose cli   'chrome-watch' ]
2 info using npm@3.10.3
3 info using node@v6.7.0
4 verbose run-script [ 'prechrome-watch', 'chrome-watch', 'postchrome-watch' ]
5 info lifecycle extension-boilerplate@0.0.2~prechrome-watch: extension-boilerplate@0.0.2
6 silly lifecycle extension-boilerplate@0.0.2~prechrome-watch: no script for prechrome-watch, continuing
7 info lifecycle extension-boilerplate@0.0.2~chrome-watch: extension-boilerplate@0.0.2
8 verbose lifecycle extension-boilerplate@0.0.2~chrome-watch: unsafe-perm in lifecycle true
9 verbose lifecycle extension-boilerplate@0.0.2~chrome-watch: PATH: /Users/vuonglinh/.nvm/versions/node/v6.7.0/lib/node_modules/npm/bin/node-gyp-bin:/Users/vuonglinh/Sites/nicehash-extension/node_modules/.bin:/Users/vuonglinh/.nvm/versions/node/v6.7.0/bin:/Users/vuonglinh/.nvm/versions/node/v6.7.0/bin:/Users/vuonglinh/.node_modules_global/bin:/usr/local/php5/bin:/usr/local/mysql/bin:/usr/local/bin:/usr/bin:/bin:/usr/sbin:/sbin
10 verbose lifecycle extension-boilerplate@0.0.2~chrome-watch: CWD: /Users/vuonglinh/Sites/nicehash-extension
11 silly lifecycle extension-boilerplate@0.0.2~chrome-watch: Args: [ '-c', 'cross-env TARGET=chrome gulp watch' ]
12 silly lifecycle extension-boilerplate@0.0.2~chrome-watch: Returned: code: 1  signal: null
13 info lifecycle extension-boilerplate@0.0.2~chrome-watch: Failed to exec chrome-watch script
14 verbose stack Error: extension-boilerplate@0.0.2 chrome-watch: `cross-env TARGET=chrome gulp watch`
14 verbose stack Exit status 1
14 verbose stack     at EventEmitter.<anonymous> (/Users/vuonglinh/.nvm/versions/node/v6.7.0/lib/node_modules/npm/lib/utils/lifecycle.js:242:16)
14 verbose stack     at emitTwo (events.js:106:13)
14 verbose stack     at EventEmitter.emit (events.js:191:7)
14 verbose stack     at ChildProcess.<anonymous> (/Users/vuonglinh/.nvm/versions/node/v6.7.0/lib/node_modules/npm/lib/utils/spawn.js:40:14)
14 verbose stack     at emitTwo (events.js:106:13)
14 verbose stack     at ChildProcess.emit (events.js:191:7)
14 verbose stack     at maybeClose (internal/child_process.js:877:16)
14 verbose stack     at Process.ChildProcess._handle.onexit (internal/child_process.js:226:5)
15 verbose pkgid extension-boilerplate@0.0.2
16 verbose cwd /Users/vuonglinh/Sites/nicehash-extension
17 error Darwin 16.6.0
18 error argv "/Users/vuonglinh/.nvm/versions/node/v6.7.0/bin/node" "/Users/vuonglinh/.nvm/versions/node/v6.7.0/bin/npm" "run" "chrome-watch"
19 error node v6.7.0
20 error npm  v3.10.3
21 error code ELIFECYCLE
22 error extension-boilerplate@0.0.2 chrome-watch: `cross-env TARGET=chrome gulp watch`
22 error Exit status 1
23 error Failed at the extension-boilerplate@0.0.2 chrome-watch script 'cross-env TARGET=chrome gulp watch'.
23 error Make sure you have the latest version of node.js and npm installed.
23 error If you do, this is most likely a problem with the extension-boilerplate package,
23 error not with npm itself.
23 error Tell the author that this fails on your system:
23 error     cross-env TARGET=chrome gulp watch
23 error You can get information on how to open an issue for this project with:
23 error     npm bugs extension-boilerplate
23 error Or if that isn't available, you can get their info via:
23 error     npm owner ls extension-boilerplate
23 error There is likely additional logging output above.
24 verbose exit [ 1, true ]
